<?xml version="1.0" encoding="utf-8"?><testsuites><testsuite errors="0" failures="0" hostname="LAPTOP-HPBK16KG" name="pytest" skipped="0" tests="4" time="4.574" timestamp="2020-05-13T08:49:33.842926"><testcase classname="test_submit" file="test_submit.py" line="3" name="test_q1" time="0.045"></testcase><testcase classname="test_submit" file="test_submit.py" line="8" name="test_q2" time="0.050"></testcase><testcase classname="test_submit" file="test_submit.py" line="13" name="test_q3" time="0.076"></testcase><testcase classname="test_submit" file="test_submit.py" line="18" name="test_q4" time="0.456"></testcase></testsuite></testsuites>